Copyright 1986-2015 Xilinx, Inc. All Rights Reserved.
----------------------------------------------------------------------------------------
| Tool Version     : Vivado v.2015.4 (win64) Build 1412921 Wed Nov 18 09:43:45 MST 2015
| Date             : Thu Dec 06 20:40:40 2018
| Host             : DESKTOP-U7QS60K running 64-bit major release  (build 9200)
| Command          : 
| Design           : ov7670_top
| Device           : xc7a35tcpg236-2
| Design State     : routed
| Grade            : commercial
| Process          : typical
| Characterization : Production
----------------------------------------------------------------------------------------

Power Report

Table of Contents
-----------------
1. Summary
1.1 On-Chip Components
1.2 Power Supply Summary
1.3 Confidence Level
2. Settings
2.1 Environment
2.2 Clock Constraints
3. Detailed Reports
3.1 By Hierarchy

1. Summary
----------

+--------------------------+-------+
| Total On-Chip Power (W)  | 0.179 |
| Dynamic (W)              | 0.106 |
| Device Static (W)        | 0.073 |
| Effective TJA (C/W)      | 5.0   |
| Max Ambient (C)          | 84.1  |
| Junction Temperature (C) | 25.9  |
| Confidence Level         | Low   |
| Setting File             | ---   |
| Simulation Activity File | ---   |
| Design Nets Matched      | NA    |
+--------------------------+-------+


1.1 On-Chip Components
----------------------

+----------------+-----------+----------+-----------+-----------------+
| On-Chip        | Power (W) | Used     | Available | Utilization (%) |
+----------------+-----------+----------+-----------+-----------------+
| Clocks         |     0.001 |        6 |       --- |             --- |
| Slice Logic    |    <0.001 |      726 |       --- |             --- |
|   LUT as Logic |    <0.001 |      344 |     20800 |            1.65 |
|   Register     |    <0.001 |      222 |     41600 |            0.53 |
|   CARRY4       |    <0.001 |       19 |      8150 |            0.23 |
|   BUFG         |    <0.001 |        1 |        32 |            3.13 |
|   F7/F8 Muxes  |    <0.001 |       37 |     32600 |            0.11 |
|   Others       |     0.000 |       65 |       --- |             --- |
| Signals        |    <0.001 |      687 |       --- |             --- |
| Block RAM      |     0.003 |     26.5 |        50 |           53.00 |
| PLL            |     0.097 |        1 |         5 |           20.00 |
| I/O            |     0.004 |       36 |       106 |           33.96 |
| Static Power   |     0.073 |          |           |                 |
| Total          |     0.179 |          |           |                 |
+----------------+-----------+----------+-----------+-----------------+


1.2 Power Supply Summary
------------------------

+-----------+-------------+-----------+-------------+------------+
| Source    | Voltage (V) | Total (A) | Dynamic (A) | Static (A) |
+-----------+-------------+-----------+-------------+------------+
| Vccint    |       1.000 |     0.023 |       0.012 |      0.010 |
| Vccaux    |       1.800 |     0.062 |       0.050 |      0.013 |
| Vcco33    |       3.300 |     0.002 |       0.001 |      0.001 |
| Vcco25    |       2.500 |     0.000 |       0.000 |      0.000 |
| Vcco18    |       1.800 |     0.000 |       0.000 |      0.000 |
| Vcco15    |       1.500 |     0.000 |       0.000 |      0.000 |
| Vcco135   |       1.350 |     0.000 |       0.000 |      0.000 |
| Vcco12    |       1.200 |     0.000 |       0.000 |      0.000 |
| Vccaux_io |       1.800 |     0.000 |       0.000 |      0.000 |
| Vccbram   |       1.000 |     0.001 |       0.000 |      0.001 |
| MGTAVcc   |       1.000 |     0.000 |       0.000 |      0.000 |
| MGTAVtt   |       1.200 |     0.000 |       0.000 |      0.000 |
| Vccadc    |       1.800 |     0.020 |       0.000 |      0.020 |
+-----------+-------------+-----------+-------------+------------+


1.3 Confidence Level
--------------------

+-----------------------------+------------+--------------------------------------------------------+--------------------------------------------------------------------------------------------------------------------+
| User Input Data             | Confidence | Details                                                | Action                                                                                                             |
+-----------------------------+------------+--------------------------------------------------------+--------------------------------------------------------------------------------------------------------------------+
| Design implementation state | High       | Design is routed                                       |                                                                                                                    |
| Clock nodes activity        | Low        | User specified less than 75% of clocks                 | Provide missing clock activity with a constraint file, simulation results or by editing the "By Clock Domain" view |
| I/O nodes activity          | Low        | More than 75% of inputs are missing user specification | Provide missing input activity with simulation results or by editing the "By Resource Type -> I/Os" view           |
| Internal nodes activity     | Medium     | User specified less than 25% of internal nodes         | Provide missing internal nodes activity with simulation results or by editing the "By Resource Type" views         |
| Device models               | High       | Device models are Production                           |                                                                                                                    |
|                             |            |                                                        |                                                                                                                    |
| Overall confidence level    | Low        |                                                        |                                                                                                                    |
+-----------------------------+------------+--------------------------------------------------------+--------------------------------------------------------------------------------------------------------------------+


2. Settings
-----------

2.1 Environment
---------------

+-----------------------+--------------------------+
| Ambient Temp (C)      | 25.0                     |
| ThetaJA (C/W)         | 5.0                      |
| Airflow (LFM)         | 250                      |
| Heat Sink             | medium (Medium Profile)  |
| ThetaSA (C/W)         | 4.6                      |
| Board Selection       | medium (10"x10")         |
| # of Board Layers     | 12to15 (12 to 15 Layers) |
| Board Temperature (C) | 25.0                     |
+-----------------------+--------------------------+


2.2 Clock Constraints
---------------------

+--------------------+---------------------------------+-----------------+
| Clock              | Domain                          | Constraint (ns) |
+--------------------+---------------------------------+-----------------+
| clk100             | clk100                          |            10.0 |
| clk_out1_clk_wiz_0 | clk_div/inst/clk_out1_clk_wiz_0 |            20.0 |
| clk_out2_clk_wiz_0 | clk_div/inst/clk_out2_clk_wiz_0 |            40.0 |
| clkfbout_clk_wiz_0 | clk_div/inst/clkfbout_clk_wiz_0 |            20.0 |
+--------------------+---------------------------------+-----------------+


3. Detailed Reports
-------------------

3.1 By Hierarchy
----------------

+---------------------------------------+-----------+
| Name                                  | Power (W) |
+---------------------------------------+-----------+
| ov7670_top                            |     0.106 |
|   IIC                                 |    <0.001 |
|     sccb_sender                       |    <0.001 |
|   OV7670_SIOD_IOBUF_inst              |    <0.001 |
|   btn_debounce                        |    <0.001 |
|   capture                             |    <0.001 |
|   clk_div                             |     0.097 |
|     inst                              |     0.097 |
|   u_frame_buffer                      |     0.003 |
|     U0                                |     0.003 |
|       inst_blk_mem_gen                |     0.003 |
|         gnativebmg.native_blk_mem_gen |     0.003 |
|           valid.cstr                  |     0.003 |
|             has_mux_b.B               |    <0.001 |
|             ramloop[0].ram.r          |    <0.001 |
|               prim_noinit.ram         |    <0.001 |
|             ramloop[10].ram.r         |    <0.001 |
|               prim_noinit.ram         |    <0.001 |
|             ramloop[11].ram.r         |    <0.001 |
|               prim_noinit.ram         |    <0.001 |
|             ramloop[12].ram.r         |    <0.001 |
|               prim_noinit.ram         |    <0.001 |
|             ramloop[13].ram.r         |    <0.001 |
|               prim_noinit.ram         |    <0.001 |
|             ramloop[14].ram.r         |    <0.001 |
|               prim_noinit.ram         |    <0.001 |
|             ramloop[15].ram.r         |    <0.001 |
|               prim_noinit.ram         |    <0.001 |
|             ramloop[16].ram.r         |    <0.001 |
|               prim_noinit.ram         |    <0.001 |
|             ramloop[17].ram.r         |    <0.001 |
|               prim_noinit.ram         |    <0.001 |
|             ramloop[18].ram.r         |    <0.001 |
|               prim_noinit.ram         |    <0.001 |
|             ramloop[19].ram.r         |    <0.001 |
|               prim_noinit.ram         |    <0.001 |
|             ramloop[1].ram.r          |    <0.001 |
|               prim_noinit.ram         |    <0.001 |
|             ramloop[20].ram.r         |    <0.001 |
|               prim_noinit.ram         |    <0.001 |
|             ramloop[21].ram.r         |    <0.001 |
|               prim_noinit.ram         |    <0.001 |
|             ramloop[22].ram.r         |    <0.001 |
|               prim_noinit.ram         |    <0.001 |
|             ramloop[23].ram.r         |    <0.001 |
|               prim_noinit.ram         |    <0.001 |
|             ramloop[2].ram.r          |    <0.001 |
|               prim_noinit.ram         |    <0.001 |
|             ramloop[3].ram.r          |    <0.001 |
|               prim_noinit.ram         |    <0.001 |
|             ramloop[4].ram.r          |    <0.001 |
|               prim_noinit.ram         |    <0.001 |
|             ramloop[5].ram.r          |    <0.001 |
|               prim_noinit.ram         |    <0.001 |
|             ramloop[6].ram.r          |    <0.001 |
|               prim_noinit.ram         |    <0.001 |
|             ramloop[7].ram.r          |    <0.001 |
|               prim_noinit.ram         |    <0.001 |
|             ramloop[8].ram.r          |    <0.001 |
|               prim_noinit.ram         |    <0.001 |
|             ramloop[9].ram.r          |    <0.001 |
|               prim_noinit.ram         |    <0.001 |
|   vga_display                         |    <0.001 |
+---------------------------------------+-----------+


